execve("./hello", ["./hello"], 0x7ffddb0d1638 /* 71 vars */) = 0 <0.000681>
brk(NULL)                               = 0x56018ad69000 <0.000025>
access("/etc/ld.so.nohwcap", F_OK)      = -1 ENOENT (No such file or directory) <0.000034>
openat(AT_FDCWD, "/etc/ld.so.cache", O_RDONLY|O_CLOEXEC) = 3 <0.000107>
fstat(3, {st_mode=S_IFREG|0644, st_size=106583, ...}) = 0 <0.000078>
mmap(NULL, 106583, PROT_READ, MAP_PRIVATE, 3, 0) = 0x7f45f187e000 <0.000027>
close(3)                                = 0 <0.000017>
access("/etc/ld.so.nohwcap", F_OK)      = -1 ENOENT (No such file or directory) <0.000024>
openat(AT_FDCWD, "/usr/lib/x86_64-linux-gnu/libgtk3-nocsd.so.0", O_RDONLY|O_CLOEXEC) = 3 <0.000027>
read(3, "\177ELF\2\1\1\0\0\0\0\0\0\0\0\0\3\0>\0\1\0\0\0P\r\0\0\0\0\0\0"..., 832) = 832 <0.000021>
fstat(3, {st_mode=S_IFREG|S_ISUID|0644, st_size=26616, ...}) = 0 <0.000018>
mmap(NULL, 8192, PROT_READ|PROT_WRITE, MAP_PRIVATE|MAP_ANONYMOUS, -1, 0) = 0x7f45f187c000 <0.000021>
mmap(NULL, 2122800, PROT_READ|PROT_EXEC, MAP_PRIVATE|MAP_DENYWRITE, 3, 0) = 0x7f45f146b000 <0.000022>
mprotect(0x7f45f1471000, 2093056, PROT_NONE) = 0 <0.000029>
mmap(0x7f45f1670000, 8192, PROT_READ|PROT_WRITE, MAP_PRIVATE|MAP_FIXED|MAP_DENYWRITE, 3, 0x5000) = 0x7f45f1670000 <0.000027>
close(3)                                = 0 <0.000016>
access("/etc/ld.so.preload", R_OK)      = -1 ENOENT (No such file or directory) <0.000020>
access("/etc/ld.so.nohwcap", F_OK)      = -1 ENOENT (No such file or directory) <0.000018>
openat(AT_FDCWD, "/lib/x86_64-linux-gnu/libc.so.6", O_RDONLY|O_CLOEXEC) = 3 <0.000024>
read(3, "\177ELF\2\1\1\3\0\0\0\0\0\0\0\0\3\0>\0\1\0\0\0\260\34\2\0\0\0\0\0"..., 832) = 832 <0.000018>
fstat(3, {st_mode=S_IFREG|0755, st_size=2030544, ...}) = 0 <0.000017>
mmap(NULL, 4131552, PROT_READ|PROT_EXEC, MAP_PRIVATE|MAP_DENYWRITE, 3, 0) = 0x7f45f107a000 <0.000023>
mprotect(0x7f45f1261000, 2097152, PROT_NONE) = 0 <0.000028>
mmap(0x7f45f1461000, 24576, PROT_READ|PROT_WRITE, MAP_PRIVATE|MAP_FIXED|MAP_DENYWRITE, 3, 0x1e7000) = 0x7f45f1461000 <0.000025>
mmap(0x7f45f1467000, 15072, PROT_READ|PROT_WRITE, MAP_PRIVATE|MAP_FIXED|MAP_ANONYMOUS, -1, 0) = 0x7f45f1467000 <0.000025>
close(3)                                = 0 <0.000016>
access("/etc/ld.so.nohwcap", F_OK)      = -1 ENOENT (No such file or directory) <0.000020>
openat(AT_FDCWD, "/lib/x86_64-linux-gnu/libdl.so.2", O_RDONLY|O_CLOEXEC) = 3 <0.000023>
read(3, "\177ELF\2\1\1\0\0\0\0\0\0\0\0\0\3\0>\0\1\0\0\0P\16\0\0\0\0\0\0"..., 832) = 832 <0.000017>
fstat(3, {st_mode=S_IFREG|0644, st_size=14560, ...}) = 0 <0.000016>
mmap(NULL, 2109712, PROT_READ|PROT_EXEC, MAP_PRIVATE|MAP_DENYWRITE, 3, 0) = 0x7f45f0e76000 <0.000022>
mprotect(0x7f45f0e79000, 2093056, PROT_NONE) = 0 <0.000026>
mmap(0x7f45f1078000, 8192, PROT_READ|PROT_WRITE, MAP_PRIVATE|MAP_FIXED|MAP_DENYWRITE, 3, 0x2000) = 0x7f45f1078000 <0.000023>
close(3)                                = 0 <0.000016>
access("/etc/ld.so.nohwcap", F_OK)      = -1 ENOENT (No such file or directory) <0.000019>
openat(AT_FDCWD, "/lib/x86_64-linux-gnu/libpthread.so.0", O_RDONLY|O_CLOEXEC) = 3 <0.000022>
read(3, "\177ELF\2\1\1\0\0\0\0\0\0\0\0\0\3\0>\0\1\0\0\0000b\0\0\0\0\0\0"..., 832) = 832 <0.000018>
fstat(3, {st_mode=S_IFREG|0755, st_size=144976, ...}) = 0 <0.000016>
mmap(NULL, 2221184, PROT_READ|PROT_EXEC, MAP_PRIVATE|MAP_DENYWRITE, 3, 0) = 0x7f45f0c57000 <0.000020>
mprotect(0x7f45f0c71000, 2093056, PROT_NONE) = 0 <0.000024>
mmap(0x7f45f0e70000, 8192, PROT_READ|PROT_WRITE, MAP_PRIVATE|MAP_FIXED|MAP_DENYWRITE, 3, 0x19000) = 0x7f45f0e70000 <0.000025>
mmap(0x7f45f0e72000, 13440, PROT_READ|PROT_WRITE, MAP_PRIVATE|MAP_FIXED|MAP_ANONYMOUS, -1, 0) = 0x7f45f0e72000 <0.000021>
close(3)                                = 0 <0.000016>
mmap(NULL, 8192, PROT_READ|PROT_WRITE, MAP_PRIVATE|MAP_ANONYMOUS, -1, 0) = 0x7f45f187a000 <0.000020>
arch_prctl(ARCH_SET_FS, 0x7f45f187ab80) = 0 <0.000016>
mprotect(0x7f45f1461000, 16384, PROT_READ) = 0 <0.000025>
mprotect(0x7f45f0e70000, 4096, PROT_READ) = 0 <0.000021>
mprotect(0x7f45f1078000, 4096, PROT_READ) = 0 <0.000022>
mprotect(0x7f45f1670000, 4096, PROT_READ) = 0 <0.000022>
mprotect(0x56018a1b6000, 4096, PROT_READ) = 0 <0.000022>
mprotect(0x7f45f1899000, 4096, PROT_READ) = 0 <0.000024>
munmap(0x7f45f187e000, 106583)          = 0 <0.000056>
set_tid_address(0x7f45f187ae50)         = 10498 <0.000016>
set_robust_list(0x7f45f187ae60, 24)     = 0 <0.000016>
rt_sigaction(SIGRTMIN, {sa_handler=0x7f45f0c5ccb0, sa_mask=[], sa_flags=SA_RESTORER|SA_SIGINFO, sa_restorer=0x7f45f0c69890}, NULL, 8) = 0 <0.000017>
rt_sigaction(SIGRT_1, {sa_handler=0x7f45f0c5cd50, sa_mask=[], sa_flags=SA_RESTORER|SA_RESTART|SA_SIGINFO, sa_restorer=0x7f45f0c69890}, NULL, 8) = 0 <0.000016>
rt_sigprocmask(SIG_UNBLOCK, [RTMIN RT_1], NULL, 8) = 0 <0.000017>
prlimit64(0, RLIMIT_STACK, NULL, {rlim_cur=8192*1024, rlim_max=RLIM64_INFINITY}) = 0 <0.000016>
fstat(1, {st_mode=S_IFCHR|0620, st_rdev=makedev(136, 12), ...}) = 0 <0.000018>
brk(NULL)                               = 0x56018ad69000 <0.000016>
brk(0x56018ad8a000)                     = 0x56018ad8a000 <0.000019>
write(1, "hello world\n", 12)           = 12 <0.000043>
exit_group(0)                           = ?
+++ exited with 0 +++
